<?xml version="1.0" encoding="UTF-8"?>
<!-- Generated by org.testng.reporters.JUnitReportReporter -->
<testsuite skipped="0" hostname="Shivansh-PC" name="com.codemind.b3project.testCases.HomePageTestCases" tests="2" failures="0" timestamp="02 Nov 2022 02:40:36 GMT" time="27.897" errors="0">
  <testcase name="verifyRegistrationFunctionality" time="12.669" classname="com.codemind.b3project.testCases.HomePageTestCases"/>
  <testcase name="verifyValidLogin" time="15.228" classname="com.codemind.b3project.testCases.HomePageTestCases"/>
</testsuite> <!-- com.codemind.b3project.testCases.HomePageTestCases -->
