<?xml version="1.0" encoding="UTF-8"?>
<!-- Generated by org.testng.reporters.JUnitReportReporter -->
<testsuite skipped="0" hostname="Shivansh-PC" name="com.codemind.b3project.testCases.RegistrationTestCases" tests="1" failures="0" timestamp="05 Nov 2022 01:46:22 GMT" time="21.965" errors="0">
  <testcase name="verifySuccessfullRegistration" time="21.965" classname="com.codemind.b3project.testCases.RegistrationTestCases"/>
</testsuite> <!-- com.codemind.b3project.testCases.RegistrationTestCases -->
