<?xml version="1.0" encoding="UTF-8"?>
<!-- Generated by org.testng.reporters.JUnitReportReporter -->
<testsuite skipped="0" hostname="Shivansh-PC" name="com.codemind.b3project.testCases.HomePageTestCases" tests="2" failures="0" timestamp="05 Nov 2022 01:46:22 GMT" time="22.278" errors="0">
  <testcase name="verifyRegistrationFunctionality" time="10.163" classname="com.codemind.b3project.testCases.HomePageTestCases"/>
  <testcase name="verifyValidLogin" time="12.115" classname="com.codemind.b3project.testCases.HomePageTestCases"/>
</testsuite> <!-- com.codemind.b3project.testCases.HomePageTestCases -->
