<?xml version="1.0" encoding="UTF-8"?>
<!-- Generated by org.testng.reporters.JUnitReportReporter -->
<testsuite skipped="0" hostname="Shivansh-PC" name="com.codemind.b3project.testCases.RegistrationTestCases" tests="1" failures="0" timestamp="02 Nov 2022 02:40:36 GMT" time="22.974" errors="0">
  <testcase name="verifySuccessfullRegistration" time="22.974" classname="com.codemind.b3project.testCases.RegistrationTestCases"/>
</testsuite> <!-- com.codemind.b3project.testCases.RegistrationTestCases -->
